<?xml version="1.0" encoding="UTF-8"?>
<!-- Generated by org.testng.reporters.JUnitReportReporter -->
<testsuite hostname="DESKTOP-D0UT1LK" failures="0" tests="7" name="LoginPageTest" time="96.125" errors="0" timestamp="2024-01-26T13:28:21 IST" skipped="0">
  <testcase classname="LoginPageTest" name="setup" time="27.450"/>
  <testcase classname="LoginPageTest" name="imageheading" time="9.591"/>
  <testcase classname="LoginPageTest" name="bottomsection" time="13.571"/>
  <testcase classname="LoginPageTest" name="imagetest" time="15.743"/>
  <testcase classname="LoginPageTest" name="gamesapp" time="13.586"/>
  <testcase classname="LoginPageTest" name="nwspage" time="8.146"/>
  <testcase classname="LoginPageTest" name="foodapp" time="8.038"/>
</testsuite> <!-- LoginPageTest -->
